#! /usr/share/iverilog-0.10.0/bin/vvp
:ivl_version "0.10.0 (devel)" "(v0_9_6)";
:ivl_delay_selection "TYPICAL";
:vpi_time_precision + 0;
:vpi_module "system";
:vpi_module "vhdl_sys";
:vpi_module "v2005_math";
:vpi_module "va_math";
:vpi_module "v2009";
S_0x1093ff0 .scope module, "odd_tb" "odd_tb" 2 3;
 .timescale 0 0;
v0x10a7610_0 .var "clk", 0 0;
v0x10a76b0_0 .net "cnt", 7 0, v0x10a72b0_0;  1 drivers
v0x10a7780_0 .var "reset", 0 0;
S_0x1094170 .scope begin, "$ivl_for_loop0" "$ivl_for_loop0" 2 22, 2 22 0, S_0x1093ff0;
 .timescale 0 0;
v0x10719c0_0 .var/2s "i", 31 0;
E_0x1070970 .event posedge, v0x10a71f0_0;
S_0x10a6e30 .scope module, "oc" "odd_counter" 2 8, 3 2 0, S_0x1093ff0;
 .timescale 0 0;
    .port_info 0 /INPUT 1 "clk"
    .port_info 1 /INPUT 1 "reset"
    .port_info 2 /OUTPUT 8 "cnt"
L_0x7f4d5029c018 .functor BUFT 1, C4<00000010>, C4<0>, C4<0>, C4<0>;
v0x10a70f0_0 .net/2u *"_s0", 7 0, L_0x7f4d5029c018;  1 drivers
v0x10a71f0_0 .net "clk", 0 0, v0x10a7610_0;  1 drivers
v0x10a72b0_0 .var "cnt", 7 0;
v0x10a73a0_0 .net "nxt_cnt", 7 0, L_0x10a78b0;  1 drivers
v0x10a7480_0 .net "reset", 0 0, v0x10a7780_0;  1 drivers
E_0x10a7070 .event posedge, v0x10a7480_0, v0x10a71f0_0;
L_0x10a78b0 .arith/sum 8, v0x10a72b0_0, L_0x7f4d5029c018;
    .scope S_0x10a6e30;
T_0 ;
    %wait E_0x10a7070;
    %load/v 8, v0x10a7480_0, 1;
    %jmp/0xz  T_0.0, 8;
    %ix/load 0, 8, 0;
    %assign/v0 v0x10a72b0_0, 0, 0;
    %jmp T_0.1;
T_0.0 ;
    %load/v 8, v0x10a73a0_0, 8;
    %ix/load 0, 8, 0;
    %assign/v0 v0x10a72b0_0, 0, 8;
T_0.1 ;
    %jmp T_0;
    .thread T_0;
    .scope S_0x1093ff0;
T_1 ;
    %set/v v0x10a7610_0, 0, 1;
    %delay 5, 0;
    %set/v v0x10a7610_0, 1, 1;
    %delay 5, 0;
    %jmp T_1;
    .thread T_1;
    .scope S_0x1093ff0;
T_2 ;
    %ix/load 0, 1, 0;
    %assign/v0 v0x10a7780_0, 0, 1;
    %wait E_0x1070970;
    %wait E_0x1070970;
    %ix/load 0, 1, 0;
    %assign/v0 v0x10a7780_0, 0, 0;
    %fork t_1, S_0x1094170;
    %jmp t_0;
    .scope S_0x1094170;
t_1 ;
    %set/v v0x10719c0_0, 0, 32;
T_2.0 ;
    %load/v 8, v0x10719c0_0, 32;
    %ix/get/s 4, 8, 32;
    %ix/load 5, 128, 0;
    %cmp/ws 4, 5;
    %mov 8, 5, 1;
    %jmp/0xz T_2.1, 8;
    %wait E_0x1070970;
    %load/v 8, v0x10719c0_0, 32;
    %movi 40, 1, 32;
    %add 40, 8, 32;
    %cast2 40, 40, 32;
    %set/v v0x10719c0_0, 40, 32;
    %jmp T_2.0;
T_2.1 ;
    %end;
    .scope S_0x1093ff0;
t_0 %join;
    %vpi_call/w 2 24 "$finish" {0 0};
    %end;
    .thread T_2;
    .scope S_0x1093ff0;
T_3 ;
    %vpi_call/w 2 28 "$dumpfile", "day5.vcd" {0 0};
    %vpi_call/w 2 29 "$dumpvars", 1'sb0, S_0x1093ff0 {0 0};
    %end;
    .thread T_3;
# The file index is used to find the file name in the following table.
:file_names 4;
    "N/A";
    "<interactive>";
    "testbench.sv";
    "design.sv";
