#! /usr/share/iverilog-0.9.7/bin/vvp
:ivl_version "0.9.7 " "(v0_9_6)";
:vpi_time_precision - 12;
:vpi_module "system";
:vpi_module "v2005_math";
:vpi_module "va_math";
S_0x1f71f50 .scope module, "day1_tb" "day1_tb" 2 5;
 .timescale -9 -12;
v0x1f82da0_0 .var "a", 7 0;
v0x1f82e70_0 .var "b", 7 0;
v0x1f82f20_0 .var/i "i", 31 0;
v0x1f82fa0_0 .var "sel", 0 0;
v0x1f83080_0 .net "y", 7 0, L_0x1f83130; 1 drivers
S_0x1f72040 .scope module, "DAY1" "day1" 2 12, 3 2, S_0x1f71f50;
 .timescale 0 0;
v0x1f72130_0 .net "a", 7 0, v0x1f82da0_0; 1 drivers
v0x1f82bb0_0 .net "b", 7 0, v0x1f82e70_0; 1 drivers
v0x1f82c50_0 .net "sel", 0 0, v0x1f82fa0_0; 1 drivers
v0x1f82cf0_0 .alias "y", 7 0, v0x1f83080_0;
L_0x1f83130 .functor MUXZ 8, v0x1f82e70_0, v0x1f82da0_0, v0x1f82fa0_0, C4<>;
    .scope S_0x1f71f50;
T_0 ;
    %set/v v0x1f82f20_0, 0, 32;
T_0.0 ;
    %load/v 8, v0x1f82f20_0, 32;
   %cmpi/s 8, 10, 32;
    %jmp/0xz T_0.1, 5;
    %vpi_func 2 18 "$urandom_range", 8, 32, 1'sb0, 8'b11111111;
    %set/v v0x1f82da0_0, 8, 8;
    %vpi_func 2 19 "$urandom_range", 8, 32, 1'sb0, 8'b11111111;
    %set/v v0x1f82e70_0, 8, 8;
    %vpi_func 2 20 "$random", 8, 32;
    %movi 40, 2, 32;
    %mod/s 8, 40, 32;
    %set/v v0x1f82fa0_0, 8, 1;
    %ix/load 0, 1, 0;
    %load/vp0/s 8, v0x1f82f20_0, 32;
    %set/v v0x1f82f20_0, 8, 32;
    %jmp T_0.0;
T_0.1 ;
    %end;
    .thread T_0;
    .scope S_0x1f71f50;
T_1 ;
    %vpi_call 2 26 "$dumpfile", "day1.vcd";
    %vpi_call 2 27 "$dumpvars", 1'sb0, S_0x1f71f50;
    %delay 2000000, 0;
    %vpi_call 2 28 "$finish";
    %end;
    .thread T_1;
# The file index is used to find the file name in the following table.
:file_names 4;
    "N/A";
    "<interactive>";
    "testbench.sv";
    "design.sv";
