#! /usr/share/iverilog-0.10.0/bin/vvp
:ivl_version "0.10.0 (devel)" "(v0_9_6)";
:ivl_delay_selection "TYPICAL";
:vpi_time_precision + 0;
:vpi_module "system";
:vpi_module "vhdl_sys";
:vpi_module "v2005_math";
:vpi_module "va_math";
:vpi_module "v2009";
S_0x11093f0 .scope module, "ALU_Tb" "ALU_Tb" 2 3;
 .timescale 0 0;
v0x111f8b0_0 .var "a", 7 0;
v0x111f990_0 .net "alu_o", 7 0, v0x111f470_0;  1 drivers
v0x111fa60_0 .var "b", 7 0;
v0x111fb60_0 .var/i "i", 31 0;
v0x111fc00_0 .var/i "j", 31 0;
v0x111fd30_0 .var "op", 2 0;
S_0x11057b0 .scope module, "alu" "ALU" 2 9, 3 2 0, S_0x11093f0;
 .timescale 0 0;
    .port_info 0 /INPUT 8 "a"
    .port_info 1 /INPUT 8 "b"
    .port_info 2 /INPUT 3 "op"
    .port_info 3 /OUTPUT 8 "alu_o"
P_0x1105930 .param/l "OP_ADD" 1 3 12, C4<000>;
P_0x1105970 .param/l "OP_AND" 1 3 16, C4<100>;
P_0x11059b0 .param/l "OP_EQL" 1 3 19, C4<111>;
P_0x11059f0 .param/l "OP_LSR" 1 3 15, C4<011>;
P_0x1105a30 .param/l "OP_OR" 1 3 17, C4<101>;
P_0x1105a70 .param/l "OP_SLL" 1 3 14, C4<010>;
P_0x1105ab0 .param/l "OP_SUB" 1 3 13, C4<001>;
P_0x1105af0 .param/l "OP_XOR" 1 3 18, C4<110>;
v0x1109570_0 .net "a", 7 0, v0x111f8b0_0;  1 drivers
v0x111f470_0 .var "alu_o", 7 0;
v0x111f550_0 .net "b", 7 0, v0x111fa60_0;  1 drivers
v0x111f640_0 .var "carry", 0 0;
v0x111f700_0 .net "op", 2 0, v0x111fd30_0;  1 drivers
E_0x1109920 .event edge, v0x111f700_0, v0x1109570_0, v0x111f550_0;
    .scope S_0x11057b0;
T_0 ;
    %wait E_0x1109920;
    %load/v 8, v0x111f700_0, 3;
    %cmpi/u 8, 0, 3;
    %jmp/1 T_0.0, 6;
    %cmpi/u 8, 1, 3;
    %jmp/1 T_0.1, 6;
    %cmpi/u 8, 2, 3;
    %jmp/1 T_0.2, 6;
    %cmpi/u 8, 3, 3;
    %jmp/1 T_0.3, 6;
    %cmpi/u 8, 4, 3;
    %jmp/1 T_0.4, 6;
    %cmpi/u 8, 5, 3;
    %jmp/1 T_0.5, 6;
    %cmpi/u 8, 6, 3;
    %jmp/1 T_0.6, 6;
    %cmpi/u 8, 7, 3;
    %jmp/1 T_0.7, 6;
    %jmp T_0.8;
T_0.0 ;
    %load/v 8, v0x1109570_0, 8;
    %pad 16, 0, 1;
    %load/v 17, v0x111f550_0, 8;
    %pad 25, 0, 1;
    %add 8, 17, 9;
    %set/v v0x111f470_0, 8, 8;
    %set/v v0x111f640_0, 16, 1;
    %jmp T_0.8;
T_0.1 ;
    %load/v 8, v0x1109570_0, 8;
    %load/v 16, v0x111f550_0, 8;
    %sub 8, 16, 8;
    %set/v v0x111f470_0, 8, 8;
    %jmp T_0.8;
T_0.2 ;
    %load/v 8, v0x1109570_0, 8;
    %ix/getv 0, v0x111f550_0;
    %shiftl/i0  8, 8;
    %set/v v0x111f470_0, 8, 8;
    %jmp T_0.8;
T_0.3 ;
    %load/v 8, v0x1109570_0, 8;
    %ix/getv 0, v0x111f550_0;
    %shiftr/i0  8, 8;
    %set/v v0x111f470_0, 8, 8;
    %jmp T_0.8;
T_0.4 ;
    %load/v 8, v0x1109570_0, 8;
    %load/v 16, v0x111f550_0, 8;
    %and 8, 16, 8;
    %set/v v0x111f470_0, 8, 8;
    %jmp T_0.8;
T_0.5 ;
    %load/v 8, v0x1109570_0, 8;
    %load/v 16, v0x111f550_0, 8;
    %or 8, 16, 8;
    %set/v v0x111f470_0, 8, 8;
    %jmp T_0.8;
T_0.6 ;
    %load/v 8, v0x1109570_0, 8;
    %load/v 16, v0x111f550_0, 8;
    %xor 8, 16, 8;
    %set/v v0x111f470_0, 8, 8;
    %jmp T_0.8;
T_0.7 ;
    %load/v 16, v0x1109570_0, 8;
    %load/v 24, v0x111f550_0, 8;
    %cmp/u 16, 24, 8;
    %mov 16, 4, 1;
    %mov 8, 16, 1;
    %mov 9, 0, 7;
    %set/v v0x111f470_0, 8, 8;
    %jmp T_0.8;
T_0.8 ;
    %jmp T_0;
    .thread T_0, $push;
    .scope S_0x11093f0;
T_1 ;
    %set/v v0x111fc00_0, 0, 32;
T_1.0 ;
    %load/v 8, v0x111fc00_0, 32;
    %cmpi/s 8, 3, 32;
    %jmp/0xz T_1.1, 5;
    %set/v v0x111fb60_0, 0, 32;
T_1.2 ;
    %load/v 8, v0x111fb60_0, 32;
    %cmpi/s 8, 7, 32;
    %jmp/0xz T_1.3, 5;
    %vpi_func 2 17 "$urandom_range", 8, 32, 1'sb0, 8'b11111111 {0 0};
    %set/v v0x111f8b0_0, 8, 8;
    %vpi_func 2 18 "$urandom_range", 8, 32, 1'sb0, 8'b11111111 {0 0};
    %set/v v0x111fa60_0, 8, 8;
    %load/v 8, v0x111fb60_0, 32;
    %set/v v0x111fd30_0, 8, 3;
    %delay 5, 0;
    %ix/load 0, 1, 0;
    %load/vp0/s 8, v0x111fb60_0, 32;
    %set/v v0x111fb60_0, 8, 32;
    %jmp T_1.2;
T_1.3 ;
    %ix/load 0, 1, 0;
    %load/vp0/s 8, v0x111fc00_0, 32;
    %set/v v0x111fc00_0, 8, 32;
    %jmp T_1.0;
T_1.1 ;
    %end;
    .thread T_1;
    .scope S_0x11093f0;
T_2 ;
    %vpi_call/w 2 26 "$dumpfile", "day4.vcd" {0 0};
    %vpi_call/w 2 27 "$dumpvars", 1'sb0, S_0x11093f0 {0 0};
    %end;
    .thread T_2;
# The file index is used to find the file name in the following table.
:file_names 4;
    "N/A";
    "<interactive>";
    "testbench.sv";
    "design.sv";
