#! /usr/share/iverilog-0.10.0/bin/vvp
:ivl_version "0.10.0 (devel)" "(v0_9_6)";
:ivl_delay_selection "TYPICAL";
:vpi_time_precision + 0;
:vpi_module "system";
:vpi_module "vhdl_sys";
:vpi_module "v2005_math";
:vpi_module "va_math";
:vpi_module "v2009";
S_0x2045a90 .scope module, "b2o_tb" "b2o_tb" 2 3;
 .timescale 0 0;
P_0x2044d40 .param/l "BIN_W" 1 2 5, +C4<0100>;
P_0x2044d80 .param/l "ONE_HOT_W" 1 2 6, +C4<010000>;
v0x2059000_0 .var "bin_i", 3 0;
v0x20590f0_0 .net "one_hot_o", 15 0, L_0x2069200;  1 drivers
S_0x2045c60 .scope begin, "$ivl_for_loop0" "$ivl_for_loop0" 2 14, 2 14 0, S_0x2045a90;
 .timescale 0 0;
v0x20226f0_0 .var/2s "i", 31 0;
S_0x2058930 .scope module, "b2o" "BtoO" 2 11, 3 1 0, S_0x2045a90;
 .timescale 0 0;
    .port_info 0 /INPUT 4 "bin_i"
    .port_info 1 /OUTPUT 16 "one_hot_o"
P_0x2058b20 .param/l "BIN_W" 0 3 2, +C4<0100>;
P_0x2058b60 .param/l "ONE_HOT_W" 0 3 3, +C4<010000>;
L_0x7f8f66190018 .functor BUFT 1, C4<0000000000000001>, C4<0>, C4<0>, C4<0>;
v0x2058cd0_0 .net/2u *"_s0", 15 0, L_0x7f8f66190018;  1 drivers
v0x2058dd0_0 .net "bin_i", 3 0, v0x2059000_0;  1 drivers
v0x2058eb0_0 .net "one_hot_o", 15 0, L_0x2069200;  alias, 1 drivers
L_0x2069200 .shift/l 16, L_0x7f8f66190018, v0x2059000_0;
    .scope S_0x2045a90;
T_0 ;
    %fork t_1, S_0x2045c60;
    %jmp t_0;
    .scope S_0x2045c60;
t_1 ;
    %set/v v0x20226f0_0, 0, 32;
T_0.0 ;
    %load/v 8, v0x20226f0_0, 32;
    %ix/get/s 4, 8, 32;
    %ix/load 5, 32, 0;
    %cmp/ws 4, 5;
    %mov 8, 5, 1;
    %jmp/0xz T_0.1, 8;
    %vpi_func 2 15 "$urandom_range", 8, 32, 1'sb0, 4'b1111 {0 0};
    %set/v v0x2059000_0, 8, 4;
    %delay 5, 0;
    %ix/load 0, 1, 0;
    %load/vp0/s 8, v0x20226f0_0, 32;
    %cast2 8, 8, 32;
    %set/v v0x20226f0_0, 8, 32;
    %jmp T_0.0;
T_0.1 ;
    %end;
    .scope S_0x2045a90;
t_0 %join;
    %vpi_call/w 2 18 "$finish" {0 0};
    %end;
    .thread T_0;
    .scope S_0x2045a90;
T_1 ;
    %vpi_call/w 2 22 "$dumpfile", "day8.vcd" {0 0};
    %vpi_call/w 2 23 "$dumpvars", 3'sb010, S_0x2045a90 {0 0};
    %end;
    .thread T_1;
# The file index is used to find the file name in the following table.
:file_names 4;
    "N/A";
    "<interactive>";
    "testbench.sv";
    "design.sv";
