#! /usr/share/iverilog-0.10.0/bin/vvp
:ivl_version "0.10.0 (devel)" "(v0_9_6)";
:ivl_delay_selection "TYPICAL";
:vpi_time_precision + 0;
:vpi_module "system";
:vpi_module "vhdl_sys";
:vpi_module "v2005_math";
:vpi_module "va_math";
:vpi_module "v2009";
S_0xe996e0 .scope module, "f_arb_tb" "f_arb_tb" 2 2;
 .timescale 0 0;
P_0xe8c0e0 .param/l "NUM_PORTS" 1 2 3, +C4<0100>;
v0xeb2660_0 .net "gnt_o", 3 0, L_0xeb3610;  1 drivers
v0xeb2750_0 .var "req_i", 3 0;
S_0xe998b0 .scope begin, "$ivl_for_loop0" "$ivl_for_loop0" 2 14, 2 14 0, S_0xe996e0;
 .timescale 0 0;
v0xe8b890_0 .var/2s "i", 31 0;
S_0xeb0ab0 .scope module, "f" "f_arb" 2 8, 3 2 0, S_0xe996e0;
 .timescale 0 0;
    .port_info 0 /INPUT 4 "req_i"
    .port_info 1 /OUTPUT 4 "gnt_o"
P_0xeb0ca0 .param/l "NUM_PORTS" 0 3 2, +C4<0100>;
v0xeb2360_0 .net *"_s16", 0 0, L_0xeb37a0;  1 drivers
v0xeb2460_0 .net "gnt_o", 3 0, L_0xeb3610;  alias, 1 drivers
v0xeb2540_0 .net "req_i", 3 0, v0xeb2750_0;  1 drivers
L_0xeb2820 .part v0xeb2750_0, 1, 1;
L_0xeb2940 .part L_0xeb3610, 0, 1;
L_0xeb2cf0 .part v0xeb2750_0, 2, 1;
L_0xeb2d90 .part L_0xeb3610, 0, 2;
L_0xeb3150 .part v0xeb2750_0, 3, 1;
L_0xeb3280 .part L_0xeb3610, 0, 3;
L_0xeb3610 .concat8 [ 1 1 1 1], L_0xeb37a0, L_0xeb2be0, L_0xeb3040, L_0xeb3500;
L_0xeb37a0 .part v0xeb2750_0, 0, 1;
S_0xeb0da0 .scope generate, "genblk001" "genblk001" 3 13, 3 13 0, S_0xeb0ab0;
 .timescale 0 0;
P_0xeb0f90 .param/l "i" 0 3 13, +C4<011>;
L_0xeb3490 .functor NOT 1, L_0xeb33f0, C4<0>, C4<0>, C4<0>;
L_0xeb3500 .functor AND 1, L_0xeb3150, L_0xeb3490, C4<1>, C4<1>;
v0xeb1070_0 .net *"_s0", 0 0, L_0xeb3150;  1 drivers
v0xeb1150_0 .net *"_s1", 2 0, L_0xeb3280;  1 drivers
v0xeb1230_0 .net *"_s3", 0 0, L_0xeb33f0;  1 drivers
v0xeb1300_0 .net *"_s4", 0 0, L_0xeb3490;  1 drivers
v0xeb13e0_0 .net *"_s6", 0 0, L_0xeb3500;  1 drivers
L_0xeb33f0 .reduce/or L_0xeb3280;
S_0xeb1510 .scope generate, "genblk01" "genblk01" 3 13, 3 13 0, S_0xeb0ab0;
 .timescale 0 0;
P_0xeb1700 .param/l "i" 0 3 13, +C4<010>;
L_0xeb2f80 .functor NOT 1, L_0xeb2e60, C4<0>, C4<0>, C4<0>;
L_0xeb3040 .functor AND 1, L_0xeb2cf0, L_0xeb2f80, C4<1>, C4<1>;
v0xeb17c0_0 .net *"_s0", 0 0, L_0xeb2cf0;  1 drivers
v0xeb18a0_0 .net *"_s1", 1 0, L_0xeb2d90;  1 drivers
v0xeb1980_0 .net *"_s3", 0 0, L_0xeb2e60;  1 drivers
v0xeb1a20_0 .net *"_s4", 0 0, L_0xeb2f80;  1 drivers
v0xeb1b00_0 .net *"_s6", 0 0, L_0xeb3040;  1 drivers
L_0xeb2e60 .reduce/or L_0xeb2d90;
S_0xeb1c30 .scope generate, "genblk1" "genblk1" 3 13, 3 13 0, S_0xeb0ab0;
 .timescale 0 0;
P_0xeb1e00 .param/l "i" 0 3 13, +C4<01>;
L_0xeb2b20 .functor NOT 1, L_0xeb2a30, C4<0>, C4<0>, C4<0>;
L_0xeb2be0 .functor AND 1, L_0xeb2820, L_0xeb2b20, C4<1>, C4<1>;
v0xeb1ec0_0 .net *"_s0", 0 0, L_0xeb2820;  1 drivers
v0xeb1fa0_0 .net *"_s1", 0 0, L_0xeb2940;  1 drivers
v0xeb2080_0 .net *"_s3", 0 0, L_0xeb2a30;  1 drivers
v0xeb2150_0 .net *"_s4", 0 0, L_0xeb2b20;  1 drivers
v0xeb2230_0 .net *"_s6", 0 0, L_0xeb2be0;  1 drivers
L_0xeb2a30 .reduce/or L_0xeb2940;
    .scope S_0xe996e0;
T_0 ;
    %fork t_1, S_0xe998b0;
    %jmp t_0;
    .scope S_0xe998b0;
t_1 ;
    %set/v v0xe8b890_0, 0, 32;
T_0.0 ;
    %load/v 8, v0xe8b890_0, 32;
    %ix/get/s 4, 8, 32;
    %ix/load 5, 32, 0;
    %cmp/ws 4, 5;
    %mov 8, 5, 1;
    %jmp/0xz T_0.1, 8;
    %vpi_func 2 16 "$urandom_range", 8, 32, 1'sb0, 5'sb01111 {0 0};
    %set/v v0xeb2750_0, 8, 4;
    %delay 5, 0;
    %ix/load 0, 1, 0;
    %load/vp0/s 8, v0xe8b890_0, 32;
    %cast2 8, 8, 32;
    %set/v v0xe8b890_0, 8, 32;
    %jmp T_0.0;
T_0.1 ;
    %end;
    .scope S_0xe996e0;
t_0 %join;
    %end;
    .thread T_0;
    .scope S_0xe996e0;
T_1 ;
    %vpi_call/w 2 24 "$dumpfile", "Day14.vcd" {0 0};
    %vpi_call/w 2 25 "$dumpvars", 1'sb0, S_0xe996e0 {0 0};
    %end;
    .thread T_1;
# The file index is used to find the file name in the following table.
:file_names 4;
    "N/A";
    "<interactive>";
    "testbench.sv";
    "design.sv";
