#! /usr/share/iverilog-0.10.0/bin/vvp
:ivl_version "0.10.0 (devel)" "(v0_9_6)";
:ivl_delay_selection "TYPICAL";
:vpi_time_precision + 0;
:vpi_module "system";
:vpi_module "vhdl_sys";
:vpi_module "v2005_math";
:vpi_module "va_math";
:vpi_module "v2009";
S_0x2241ca0 .scope module, "day11_tb" "day11_tb" 2 3;
 .timescale 0 0;
v0x226da10_0 .var "clk", 0 0;
v0x226dad0_0 .net "empty_o", 0 0, L_0x226ea70;  1 drivers
v0x226dba0_0 .var "parallel_i", 3 0;
v0x226dca0_0 .var "reset", 0 0;
v0x226dd70_0 .net "serial_o", 0 0, L_0x226e2b0;  1 drivers
v0x226de10_0 .net "valid_o", 0 0, L_0x226e8e0;  1 drivers
E_0x223fb50 .event negedge, v0x226d060_0;
S_0x2241640 .scope begin, "$ivl_for_loop0" "$ivl_for_loop0" 2 31, 2 31 0, S_0x2241ca0;
 .timescale 0 0;
v0x2243700_0 .var/2s "i", 31 0;
E_0x2253f40 .event posedge, v0x226d060_0;
S_0x226c460 .scope module, "DAY11" "day11" 2 13, 3 4 0, S_0x2241ca0;
 .timescale 0 0;
    .port_info 0 /INPUT 1 "clk"
    .port_info 1 /INPUT 1 "reset"
    .port_info 2 /OUTPUT 1 "empty_o"
    .port_info 3 /INPUT 4 "parallel_i"
    .port_info 4 /OUTPUT 1 "serial_o"
    .port_info 5 /OUTPUT 1 "valid_o"
L_0x7f6b0ca8b018 .functor BUFT 1, C4<0>, C4<0>, C4<0>, C4<0>;
v0x226c790_0 .net/2u *"_s0", 0 0, L_0x7f6b0ca8b018;  1 drivers
L_0x7f6b0ca8b060 .functor BUFT 1, C4<100>, C4<0>, C4<0>, C4<0>;
v0x226c890_0 .net/2u *"_s10", 2 0, L_0x7f6b0ca8b060;  1 drivers
v0x226c970_0 .net *"_s12", 0 0, L_0x226e3f0;  1 drivers
L_0x7f6b0ca8b0a8 .functor BUFT 1, C4<000>, C4<0>, C4<0>, C4<0>;
v0x226ca40_0 .net/2u *"_s14", 2 0, L_0x7f6b0ca8b0a8;  1 drivers
L_0x7f6b0ca8b0f0 .functor BUFT 1, C4<001>, C4<0>, C4<0>, C4<0>;
v0x226cb20_0 .net/2u *"_s16", 2 0, L_0x7f6b0ca8b0f0;  1 drivers
v0x226cc50_0 .net *"_s18", 2 0, L_0x226e510;  1 drivers
L_0x7f6b0ca8b138 .functor BUFT 1, C4<000>, C4<0>, C4<0>, C4<0>;
v0x226cd30_0 .net/2u *"_s24", 2 0, L_0x7f6b0ca8b138;  1 drivers
v0x226ce10_0 .net *"_s3", 2 0, L_0x226dee0;  1 drivers
v0x226cef0_0 .net *"_s4", 3 0, L_0x226dfb0;  1 drivers
v0x226d060_0 .net "clk", 0 0, v0x226da10_0;  1 drivers
v0x226d120_0 .var "count_ff", 2 0;
v0x226d200_0 .net "empty_o", 0 0, L_0x226ea70;  alias, 1 drivers
v0x226d2c0_0 .net "nxt_count", 2 0, L_0x226e750;  1 drivers
v0x226d3a0_0 .net "nxt_shift", 3 0, L_0x226e120;  1 drivers
v0x226d480_0 .net "parallel_i", 3 0, v0x226dba0_0;  1 drivers
v0x226d560_0 .net "reset", 0 0, v0x226dca0_0;  1 drivers
v0x226d620_0 .net "serial_o", 0 0, L_0x226e2b0;  alias, 1 drivers
v0x226d7d0_0 .var "shift_ff", 3 0;
v0x226d870_0 .net "valid_o", 0 0, L_0x226e8e0;  alias, 1 drivers
E_0x226c730 .event posedge, v0x226d560_0, v0x226d060_0;
L_0x226dee0 .part v0x226d7d0_0, 1, 3;
L_0x226dfb0 .concat [ 3 1 0 0], L_0x226dee0, L_0x7f6b0ca8b018;
L_0x226e120 .functor MUXZ 4, L_0x226dfb0, v0x226dba0_0, L_0x226ea70, C4<>;
L_0x226e2b0 .part v0x226d7d0_0, 0, 1;
L_0x226e3f0 .cmp/eq 3, v0x226d120_0, L_0x7f6b0ca8b060;
L_0x226e510 .arith/sum 3, v0x226d120_0, L_0x7f6b0ca8b0f0;
L_0x226e750 .functor MUXZ 3, L_0x226e510, L_0x7f6b0ca8b0a8, L_0x226e3f0, C4<>;
L_0x226e8e0 .reduce/or v0x226d120_0;
L_0x226ea70 .cmp/eq 3, v0x226d120_0, L_0x7f6b0ca8b138;
    .scope S_0x226c460;
T_0 ;
    %wait E_0x226c730;
    %load/v 8, v0x226d560_0, 1;
    %jmp/0xz  T_0.0, 8;
    %ix/load 0, 4, 0;
    %assign/v0 v0x226d7d0_0, 0, 0;
    %jmp T_0.1;
T_0.0 ;
    %load/v 8, v0x226d3a0_0, 4;
    %ix/load 0, 4, 0;
    %assign/v0 v0x226d7d0_0, 0, 8;
T_0.1 ;
    %jmp T_0;
    .thread T_0;
    .scope S_0x226c460;
T_1 ;
    %wait E_0x226c730;
    %load/v 8, v0x226d560_0, 1;
    %jmp/0xz  T_1.0, 8;
    %ix/load 0, 3, 0;
    %assign/v0 v0x226d120_0, 0, 0;
    %jmp T_1.1;
T_1.0 ;
    %load/v 8, v0x226d2c0_0, 3;
    %ix/load 0, 3, 0;
    %assign/v0 v0x226d120_0, 0, 8;
T_1.1 ;
    %jmp T_1;
    .thread T_1;
    .scope S_0x2241ca0;
T_2 ;
    %set/v v0x226da10_0, 1, 1;
    %delay 5, 0;
    %set/v v0x226da10_0, 0, 1;
    %delay 5, 0;
    %jmp T_2;
    .thread T_2;
    .scope S_0x2241ca0;
T_3 ;
    %ix/load 0, 1, 0;
    %assign/v0 v0x226dca0_0, 0, 1;
    %ix/load 0, 4, 0;
    %assign/v0 v0x226dba0_0, 0, 0;
    %wait E_0x223fb50;
    %ix/load 0, 1, 0;
    %assign/v0 v0x226dca0_0, 0, 0;
    %wait E_0x2253f40;
    %fork t_1, S_0x2241640;
    %jmp t_0;
    .scope S_0x2241640;
t_1 ;
    %set/v v0x2243700_0, 0, 32;
T_3.0 ;
    %load/v 8, v0x2243700_0, 32;
    %ix/get/s 4, 8, 32;
    %ix/load 5, 32, 0;
    %cmp/ws 4, 5;
    %mov 8, 5, 1;
    %jmp/0xz T_3.1, 8;
    %vpi_func 2 33 "$urandom_range", 8, 32, 1'sb0, 4'b1111 {0 0};
    %ix/load 0, 4, 0;
    %assign/v0 v0x226dba0_0, 0, 8;
    %wait E_0x2253f40;
    %ix/load 0, 1, 0;
    %load/vp0/s 8, v0x2243700_0, 32;
    %cast2 8, 8, 32;
    %set/v v0x2243700_0, 8, 32;
    %jmp T_3.0;
T_3.1 ;
    %end;
    .scope S_0x2241ca0;
t_0 %join;
    %vpi_call/w 2 36 "$finish" {0 0};
    %end;
    .thread T_3;
    .scope S_0x2241ca0;
T_4 ;
    %vpi_call/w 2 41 "$dumpfile", "day11.vcd" {0 0};
    %vpi_call/w 2 42 "$dumpvars", 1'sb0, S_0x2241ca0 {0 0};
    %end;
    .thread T_4;
# The file index is used to find the file name in the following table.
:file_names 4;
    "N/A";
    "<interactive>";
    "testbench.sv";
    "design.sv";
