#! /usr/share/iverilog-0.9.7/bin/vvp
:ivl_version "0.9.7 " "(v0_9_6)";
:vpi_time_precision + 0;
:vpi_module "system";
:vpi_module "v2005_math";
:vpi_module "va_math";
S_0x15d9b20 .scope module, "Edge_Tb" "Edge_Tb" 2 4;
 .timescale 0 0;
v0x16104e0_0 .var "a", 0 0;
v0x1610580_0 .var "clk", 0 0;
v0x1610630_0 .net "falling_edge", 0 0, L_0x1610b10; 1 drivers
v0x16106e0_0 .var/i "i", 31 0;
v0x1610790_0 .var "reset", 0 0;
v0x1610840_0 .net "rising_edge", 0 0, L_0x16109c0; 1 drivers
E_0x15d9420 .event posedge, v0x1610210_0;
S_0x15fd940 .scope module, "ed" "ED" 2 9, 3 2, S_0x15d9b20;
 .timescale 0 0;
L_0x1610900 .functor NOT 1, v0x1610170_0, C4<0>, C4<0>, C4<0>;
L_0x16109c0 .functor AND 1, L_0x1610900, v0x16104e0_0, C4<1>, C4<1>;
L_0x1610b10 .functor AND 1, v0x1610170_0, v0x16104e0_0, C4<1>, C4<1>;
v0x15fda30_0 .net *"_s0", 0 0, L_0x1610900; 1 drivers
v0x16100d0_0 .net "a", 0 0, v0x16104e0_0; 1 drivers
v0x1610170_0 .var "ai", 0 0;
v0x1610210_0 .net "clk", 0 0, v0x1610580_0; 1 drivers
v0x16102c0_0 .alias "falling_edge", 0 0, v0x1610630_0;
v0x1610360_0 .net "reset", 0 0, v0x1610790_0; 1 drivers
v0x1610440_0 .alias "rising_edge", 0 0, v0x1610840_0;
E_0x15da470 .event posedge, v0x1610360_0, v0x1610210_0;
    .scope S_0x15fd940;
T_0 ;
    %wait E_0x15da470;
    %load/v 8, v0x1610360_0, 1;
    %jmp/0xz  T_0.0, 8;
    %ix/load 0, 1, 0;
    %assign/v0 v0x1610170_0, 0, 0;
    %jmp T_0.1;
T_0.0 ;
    %load/v 8, v0x16100d0_0, 1;
    %ix/load 0, 1, 0;
    %assign/v0 v0x1610170_0, 0, 8;
T_0.1 ;
    %jmp T_0;
    .thread T_0;
    .scope S_0x15d9b20;
T_1 ;
    %set/v v0x1610580_0, 1, 1;
    %delay 5, 0;
    %set/v v0x1610580_0, 0, 1;
    %delay 5, 0;
    %jmp T_1;
    .thread T_1;
    .scope S_0x15d9b20;
T_2 ;
    %ix/load 0, 1, 0;
    %assign/v0 v0x1610790_0, 0, 1;
    %ix/load 0, 1, 0;
    %assign/v0 v0x16104e0_0, 0, 1;
    %wait E_0x15d9420;
    %ix/load 0, 1, 0;
    %assign/v0 v0x1610790_0, 0, 0;
    %wait E_0x15d9420;
    %set/v v0x16106e0_0, 0, 32;
T_2.0 ;
    %load/v 8, v0x16106e0_0, 32;
   %cmpi/s 8, 32, 32;
    %jmp/0xz T_2.1, 5;
    %vpi_func 2 30 "$random", 8, 32;
    %movi 40, 2, 32;
    %mod/s 8, 40, 32;
    %ix/load 0, 1, 0;
    %assign/v0 v0x16104e0_0, 0, 8;
    %wait E_0x15d9420;
    %ix/load 0, 1, 0;
    %load/vp0/s 8, v0x16106e0_0, 32;
    %set/v v0x16106e0_0, 8, 32;
    %jmp T_2.0;
T_2.1 ;
    %vpi_call 2 33 "$finish";
    %end;
    .thread T_2;
    .scope S_0x15d9b20;
T_3 ;
    %vpi_call 2 38 "$dumpfile", "day3.vcd";
    %vpi_call 2 39 "$dumpvars", 1'sb0, S_0x15d9b20;
    %end;
    .thread T_3;
# The file index is used to find the file name in the following table.
:file_names 4;
    "N/A";
    "<interactive>";
    "testbench.sv";
    "design.sv";
